[debug] [2021-08-02T14:54:16.901Z] ----------------------------------------------------------------------
[debug] [2021-08-02T14:54:16.902Z] Command:       /usr/local/bin/node /usr/local/bin/firebase init
[debug] [2021-08-02T14:54:16.903Z] CLI Version:   9.16.0
[debug] [2021-08-02T14:54:16.903Z] Platform:      darwin
[debug] [2021-08-02T14:54:16.903Z] Node Version:  v14.17.4
[debug] [2021-08-02T14:54:16.903Z] Time:          Mon Aug 02 2021 16:54:16 GMT+0200 (Central European Summer Time)
[debug] [2021-08-02T14:54:16.904Z] ----------------------------------------------------------------------
[debug] 
[debug] [2021-08-02T14:54:16.907Z] > command requires scopes: ["email","openid","https://www.googleapis.com/auth/cloudplatformprojects.readonly","https://www.googleapis.com/auth/firebase","https://www.googleapis.com/auth/cloud-platform"]
[debug] [2021-08-02T14:54:16.907Z] > authorizing via signed-in user (ritaho.au@gmail.com)
[info] 
     ######## #### ########  ######## ########     ###     ######  ########
     ##        ##  ##     ## ##       ##     ##  ##   ##  ##       ##
     ######    ##  ########  ######   ########  #########  ######  ######
     ##        ##  ##    ##  ##       ##     ## ##     ##       ## ##
     ##       #### ##     ## ######## ########  ##     ##  ######  ########

You're about to initialize a Firebase project in this directory:

  /Users/rho/Git stuff/prototypes/growth-firebase

[info] 
=== Project Setup
[info] 
[info] First, let's associate this project directory with a Firebase project.
[info] You can create multiple project aliases by running firebase use --add, 
[info] but for now we'll just set up a default project.
[info] 
[info] i  If you want to create a project in a Google Cloud organization or folder, please use "firebase projects:create" instead, and return to this command when you've created the project. 
[debug] [2021-08-02T14:56:23.276Z] TypeError: Cannot read property 'setRawMode' of null
    at ReadStream.setRawMode (tty.js:76:28)
    at Interface._setRawMode (readline.js:325:16)
    at Interface.close (readline.js:448:10)
    at ReadStream.ontermend (readline.js:231:10)
    at ReadStream.emit (events.js:412:35)
    at ReadStream.emit (domain.js:470:12)
    at endReadableNT (internal/streams/readable.js:1317:12)
    at processTicksAndRejections (internal/process/task_queues.js:82:21)
[error] 
[error] Error: An unexpected error has occurred.
[debug] [2021-08-02T14:56:23.278Z] Error: write EIO
    at afterWriteDispatched (internal/stream_base_commons.js:156:25)
    at writeGeneric (internal/stream_base_commons.js:147:3)
    at WriteStream.Socket._writeGeneric (net.js:787:11)
    at WriteStream.Socket._write (net.js:799:8)
    at writeOrBuffer (internal/streams/writable.js:358:12)
    at WriteStream.Writable.write (internal/streams/writable.js:303:10)
    at Console.log (/usr/local/lib/node_modules/firebase-tools/node_modules/winston/lib/winston/transports/console.js:79:23)
    at Console._write (/usr/local/lib/node_modules/firebase-tools/node_modules/winston-transport/index.js:103:17)
    at doWrite (/usr/local/lib/node_modules/firebase-tools/node_modules/winston-transport/node_modules/readable-stream/lib/_stream_writable.js:428:64)
    at writeOrBuffer (/usr/local/lib/node_modules/firebase-tools/node_modules/winston-transport/node_modules/readable-stream/lib/_stream_writable.js:417:5)
    at Console.Writable.write (/usr/local/lib/node_modules/firebase-tools/node_modules/winston-transport/node_modules/readable-stream/lib/_stream_writable.js:334:11)
    at DerivedLogger.ondata (/usr/local/lib/node_modules/firebase-tools/node_modules/readable-stream/lib/_stream_readable.js:681:20)
    at DerivedLogger.emit (events.js:412:35)
    at DerivedLogger.emit (domain.js:470:12)
    at addChunk (/usr/local/lib/node_modules/firebase-tools/node_modules/readable-stream/lib/_stream_readable.js:298:12)
    at readableAddChunk (/usr/local/lib/node_modules/firebase-tools/node_modules/readable-stream/lib/_stream_readable.js:280:11)
[error] 
[error] Error: An unexpected error has occurred.
[debug] [2021-08-02T14:56:39.759Z] ----------------------------------------------------------------------
[debug] [2021-08-02T14:56:39.761Z] Command:       /usr/local/bin/node /usr/local/bin/firebase init
[debug] [2021-08-02T14:56:39.761Z] CLI Version:   9.16.0
[debug] [2021-08-02T14:56:39.761Z] Platform:      darwin
[debug] [2021-08-02T14:56:39.761Z] Node Version:  v14.17.4
[debug] [2021-08-02T14:56:39.762Z] Time:          Mon Aug 02 2021 16:56:39 GMT+0200 (Central European Summer Time)
[debug] [2021-08-02T14:56:39.762Z] ----------------------------------------------------------------------
[debug] 
[debug] [2021-08-02T14:56:39.766Z] > command requires scopes: ["email","openid","https://www.googleapis.com/auth/cloudplatformprojects.readonly","https://www.googleapis.com/auth/firebase","https://www.googleapis.com/auth/cloud-platform"]
[debug] [2021-08-02T14:56:39.766Z] > authorizing via signed-in user (ritaho.au@gmail.com)
[info] 
     ######## #### ########  ######## ########     ###     ######  ########
     ##        ##  ##     ## ##       ##     ##  ##   ##  ##       ##
     ######    ##  ########  ######   ########  #########  ######  ######
     ##        ##  ##    ##  ##       ##     ## ##     ##       ## ##
     ##       #### ##     ## ######## ########  ##     ##  ######  ########

You're about to initialize a Firebase project in this directory:

  /Users/rho/Git stuff/prototypes/growth-firebase

[info] 
=== Project Setup
[info] 
[info] First, let's associate this project directory with a Firebase project.
[info] You can create multiple project aliases by running firebase use --add, 
[info] but for now we'll just set up a default project.
[info] 
[debug] [2021-08-02T14:56:59.834Z] >>> [apiv2][query] GET https://firebase.googleapis.com/v1beta1/projects pageSize=100
[debug] [2021-08-02T14:57:00.175Z] <<< [apiv2][status] GET https://firebase.googleapis.com/v1beta1/projects 200
[debug] [2021-08-02T14:57:00.176Z] <<< [apiv2][body] GET https://firebase.googleapis.com/v1beta1/projects [omitted]
[info] i  Using project growth-add-image-iteration1 (growth-add-image-iteration1) 
[info] 
=== Hosting Setup
[info] 
[info] Your public directory is the folder (relative to your project directory) that
[info] will contain Hosting assets to be uploaded with firebase deploy. If you
[info] have a build process for your assets, use your build's output directory.
[info] 
[info] ✔  Wrote public/404.html 
[debug] [2021-08-02T14:57:30.124Z] >>> [apiv2][query] GET https://www.gstatic.com/firebasejs/releases.json [none]
[debug] [2021-08-02T14:57:30.212Z] <<< [apiv2][status] GET https://www.gstatic.com/firebasejs/releases.json 200
[debug] [2021-08-02T14:57:30.212Z] <<< [apiv2][body] GET https://www.gstatic.com/firebasejs/releases.json {"current":{"version":"8.8.1","browserURL":"https://www.gstatic.com/firebasejs/8.8.1/firebase.js","packageURL":"https://www.gstatic.com/firebasejs/8.8.1/firebase.tgz"},"live":{"version":"8.8","browserURL":"https://www.gstatic.com/firebasejs/live/8.8/firebase.js","packageURL":"https://www.gstatic.com/firebasejs/live/8.8/firebase.tgz"},"components":{"analytics":"https://www.gstatic.com/firebasejs/8.8.1/firebase-analytics.js","app":"https://www.gstatic.com/firebasejs/8.8.1/firebase-app.js","app-check":"https://www.gstatic.com/firebasejs/8.8.1/firebase-app-check.js","auth":"https://www.gstatic.com/firebasejs/8.8.1/firebase-auth.js","database":"https://www.gstatic.com/firebasejs/8.8.1/firebase-database.js","firestore":"https://www.gstatic.com/firebasejs/8.8.1/firebase-firestore.js","functions":"https://www.gstatic.com/firebasejs/8.8.1/firebase-functions.js","installations":"https://www.gstatic.com/firebasejs/8.8.1/firebase-installations.js","messaging":"https://www.gstatic.com/firebasejs/8.8.1/firebase-messaging.js","storage":"https://www.gstatic.com/firebasejs/8.8.1/firebase-storage.js","performance":"https://www.gstatic.com/firebasejs/8.8.1/firebase-performance.js","remote-config":"https://www.gstatic.com/firebasejs/8.8.1/firebase-remote-config.js","firestore.memory":"https://www.gstatic.com/firebasejs/8.8.1/firebase-firestore.memory.js"}}
[info] ✔  Wrote public/index.html 
[info] 
=== Hosting:github Setup
[info] 
[info] i  Detected a .git folder at /Users/rho/Git stuff/prototypes 
[info] i  Authorizing with GitHub to upload your service account to a GitHub repository's secrets store. 
[info] 
[info] Visit this URL on this device to log in:
[info] https://github.com/login/oauth/authorize?client_id=89cf50f02ac6aaed3484&state=477723647&redirect_uri=http%3A%2F%2Flocalhost%3A9005&scope=read%3Auser%20repo%20public_repo
[info] 
[info] Waiting for authentication...
[debug] [2021-08-02T14:58:47.701Z] >>> HTTP REQUEST POST https://github.com/login/oauth/access_token  
 {"client_id":"89cf50f02ac6aaed3484","client_secret":"3330d14abc895d9a74d5f17cd7a00711fa2c5bf0","code":"c7b2b5b6f2bb2649fa96","redirect_uri":"http://localhost:9005","state":"477723647"}
[debug] [2021-08-02T14:58:47.968Z] <<< HTTP RESPONSE 200 {"server":"GitHub.com","date":"Mon, 02 Aug 2021 14:58:47 GMT","content-type":"application/json; charset=utf-8","transfer-encoding":"chunked","vary":"X-PJAX, Accept-Encoding, Accept, X-Requested-With","permissions-policy":"interest-cohort=()","etag":"W/\"4bbb8d283074ca45d3ca5e4269272398\"","cache-control":"max-age=0, private, must-revalidate","strict-transport-security":"max-age=31536000; includeSubdomains; preload","x-frame-options":"deny","x-content-type-options":"nosniff","x-xss-protection":"0","referrer-policy":"origin-when-cross-origin, strict-origin-when-cross-origin","expect-ct":"max-age=2592000, report-uri=\"https://api.github.com/_private/browser/errors\"","content-security-policy":"default-src 'none'; base-uri 'self'; block-all-mixed-content; connect-src 'self' uploads.github.com www.githubstatus.com collector.githubapp.com api.github.com github-cloud.s3.amazonaws.com github-production-repository-file-5c1aeb.s3.amazonaws.com github-production-upload-manifest-file-7fdce7.s3.amazonaws.com github-production-user-asset-6210df.s3.amazonaws.com cdn.optimizely.com logx.optimizely.com/v1/events translator.github.com wss://alive.github.com; font-src github.githubassets.com; form-action 'self' github.com gist.github.com; frame-ancestors 'none'; frame-src render.githubusercontent.com render-temp.githubusercontent.com viewscreen.githubusercontent.com; img-src 'self' data: github.githubassets.com identicons.github.com collector.githubapp.com github-cloud.s3.amazonaws.com secured-user-images.githubusercontent.com/ *.githubusercontent.com; manifest-src 'self'; media-src 'none'; script-src github.githubassets.com; style-src 'unsafe-inline' github.githubassets.com; worker-src github.com/socket-worker-3f088aa2.js gist.github.com/socket-worker-3f088aa2.js","x-github-request-id":"D3FF:88D7:1B53EC4:1C27EDB:61080827"}
[debug] [2021-08-02T14:58:47.978Z] >>> [apiv2][query] GET https://api.github.com/user [none]
[debug] [2021-08-02T14:58:48.207Z] <<< [apiv2][status] GET https://api.github.com/user 200
[debug] [2021-08-02T14:58:48.207Z] <<< [apiv2][body] GET https://api.github.com/user {"login":"reetssydney","id":7241063,"node_id":"MDQ6VXNlcjcyNDEwNjM=","avatar_url":"https://avatars.githubusercontent.com/u/7241063?v=4","gravatar_id":"","url":"https://api.github.com/users/reetssydney","html_url":"https://github.com/reetssydney","followers_url":"https://api.github.com/users/reetssydney/followers","following_url":"https://api.github.com/users/reetssydney/following{/other_user}","gists_url":"https://api.github.com/users/reetssydney/gists{/gist_id}","starred_url":"https://api.github.com/users/reetssydney/starred{/owner}{/repo}","subscriptions_url":"https://api.github.com/users/reetssydney/subscriptions","organizations_url":"https://api.github.com/users/reetssydney/orgs","repos_url":"https://api.github.com/users/reetssydney/repos","events_url":"https://api.github.com/users/reetssydney/events{/privacy}","received_events_url":"https://api.github.com/users/reetssydney/received_events","type":"User","site_admin":false,"name":null,"company":null,"blog":"","location":null,"email":null,"hireable":null,"bio":null,"twitter_username":null,"public_repos":6,"public_gists":1,"followers":1,"following":0,"created_at":"2014-04-09T16:38:02Z","updated_at":"2021-08-02T14:58:47Z","private_gists":0,"total_private_repos":0,"owned_private_repos":0,"disk_usage":47542,"collaborators":0,"two_factor_authentication":true,"plan":{"name":"free","space":976562499,"collaborators":0,"private_repos":10000}}
[info] 
[info] ✔  Success! Logged into GitHub as reetssydney 
[info] 
